<?xml version="1.0" encoding="UTF-8"?>
<testsuite name="javaollama.PdfServiceTest" tests="2" skipped="0" failures="0" errors="0" timestamp="2025-12-08T08:23:00.470Z" hostname="runnervmoqczp" time="0.26">
  <properties/>
  <testcase name="testExtractTextFromValidPdf()" classname="javaollama.PdfServiceTest" time="0.258"/>
  <testcase name="testExtractTextFromNonExistentFile()" classname="javaollama.PdfServiceTest" time="0.001"/>
  <system-out><![CDATA[]]></system-out>
  <system-err><![CDATA[]]></system-err>
</testsuite>
