<?xml version="1.0" encoding="UTF-8"?>
<testsuite name="javaollama.PdfServiceTest" tests="2" skipped="0" failures="0" errors="0" timestamp="2025-12-08T05:18:09.822Z" hostname="NICHOLAS" time="0.818">
  <properties/>
  <testcase name="testExtractTextFromValidPdf()" classname="javaollama.PdfServiceTest" time="0.813"/>
  <testcase name="testExtractTextFromNonExistentFile()" classname="javaollama.PdfServiceTest" time="0.004"/>
  <system-out><![CDATA[]]></system-out>
  <system-err><![CDATA[]]></system-err>
</testsuite>
